# JRE version: OpenJDK Runtime Environment (11.0.8+10) (build 11.0.8+10-post-Ubuntu-0ubuntu118.04.1)
# Java VM: OpenJDK 64-Bit Server VM (11.0.8+10-post-Ubuntu-0ubuntu118.04.1, mixed mode, sharing, tiered, compressed oops, serial gc, linux-amd64)
Heap:
 def new generation   total 2432K, used 1302K [0x00000000f8000000, 0x00000000f82a0000, 0x00000000faaa0000)
  eden space 2176K,  48% used [0x00000000f8000000, 0x00000000f8105b48, 0x00000000f8220000)
  from space 256K, 100% used [0x00000000f8260000, 0x00000000f82a0000, 0x00000000f82a0000)
  to   space 256K,   0% used [0x00000000f8220000, 0x00000000f8220000, 0x00000000f8260000)
 tenured generation   total 5504K, used 2552K [0x00000000faaa0000, 0x00000000fb000000, 0x0000000100000000)
   the space 5504K,  46% used [0x00000000faaa0000, 0x00000000fad1e0c8, 0x00000000fad1e200, 0x00000000fb000000)
 Metaspace       used 8682K, capacity 9163K, committed 9472K, reserved 1056768K
  class space    used 975K, capacity 1200K, committed 1280K, reserved 1048576K
GC Heap History (10 events):
Event: 1.045 GC heap before
{Heap before GC invocations=0 (full 0):
 def new generation   total 2432K, used 2176K [0x00000000f8000000, 0x00000000f82a0000, 0x00000000faaa0000)
  eden space 2176K, 100% used [0x00000000f8000000, 0x00000000f8220000, 0x00000000f8220000)
  from space 256K,   0% used [0x00000000f8220000, 0x00000000f8220000, 0x00000000f8260000)
  to   space 256K,   0% used [0x00000000f8260000, 0x00000000f8260000, 0x00000000f82a0000)
 tenured generation   total 5504K, used 0K [0x00000000faaa0000, 0x00000000fb000000, 0x0000000100000000)
   the space 5504K,   0% used [0x00000000faaa0000, 0x00000000faaa0000, 0x00000000faaa0200, 0x00000000fb000000)
 Metaspace       used 871K, capacity 4639K, committed 4864K, reserved 1056768K
  class space    used 80K, capacity 441K, committed 512K, reserved 1048576K
}
Event: 1.053 GC heap after
{Heap after GC invocations=1 (full 0):
 def new generation   total 2432K, used 255K [0x00000000f8000000, 0x00000000f82a0000, 0x00000000faaa0000)
  eden space 2176K,   0% used [0x00000000f8000000, 0x00000000f8000000, 0x00000000f8220000)
  from space 256K,  99% used [0x00000000f8260000, 0x00000000f829fff8, 0x00000000f82a0000)
  to   space 256K,   0% used [0x00000000f8220000, 0x00000000f8220000, 0x00000000f8260000)
 tenured generation   total 5504K, used 618K [0x00000000faaa0000, 0x00000000fb000000, 0x0000000100000000)
   the space 5504K,  11% used [0x00000000faaa0000, 0x00000000fab3aaa8, 0x00000000fab3ac00, 0x00000000fb000000)
 Metaspace       used 871K, capacity 4639K, committed 4864K, reserved 1056768K
  class space    used 80K, capacity 441K, committed 512K, reserved 1048576K
}
Event: 9.147 GC heap before
{Heap before GC invocations=1 (full 0):
 def new generation   total 2432K, used 2431K [0x00000000f8000000, 0x00000000f82a0000, 0x00000000faaa0000)
  eden space 2176K, 100% used [0x00000000f8000000, 0x00000000f8220000, 0x00000000f8220000)
  from space 256K,  99% used [0x00000000f8260000, 0x00000000f829fff8, 0x00000000f82a0000)
  to   space 256K,   0% used [0x00000000f8220000, 0x00000000f8220000, 0x00000000f8260000)
 tenured generation   total 5504K, used 618K [0x00000000faaa0000, 0x00000000fb000000, 0x0000000100000000)
   the space 5504K,  11% used [0x00000000faaa0000, 0x00000000fab3aaa8, 0x00000000fab3ac00, 0x00000000fb000000)
 Metaspace       used 4100K, capacity 4858K, committed 4992K, reserved 1056768K
  class space    used 408K, capacity 521K, committed 640K, reserved 1048576K
}
Event: 9.189 GC heap after
{Heap after GC invocations=2 (full 0):
 def new generation   total 2432K, used 256K [0x00000000f8000000, 0x00000000f82a0000, 0x00000000faaa0000)
  eden space 2176K,   0% used [0x00000000f8000000, 0x00000000f8000000, 0x00000000f8220000)
  from space 256K, 100% used [0x00000000f8220000, 0x00000000f8260000, 0x00000000f8260000)
  to   space 256K,   0% used [0x00000000f8260000, 0x00000000f8260000, 0x00000000f82a0000)
 tenured generation   total 5504K, used 1150K [0x00000000faaa0000, 0x00000000fb000000, 0x0000000100000000)
   the space 5504K,  20% used [0x00000000faaa0000, 0x00000000fabbf870, 0x00000000fabbfa00, 0x00000000fb000000)
 Metaspace       used 4100K, capacity 4858K, committed 4992K, reserved 1056768K
  class space    used 408K, capacity 521K, committed 640K, reserved 1048576K
}
Event: 10.118 GC heap before
{Heap before GC invocations=2 (full 0):
 def new generation   total 2432K, used 2432K [0x00000000f8000000, 0x00000000f82a0000, 0x00000000faaa0000)
  eden space 2176K, 100% used [0x00000000f8000000, 0x00000000f8220000, 0x00000000f8220000)
  from space 256K, 100% used [0x00000000f8220000, 0x00000000f8260000, 0x00000000f8260000)
  to   space 256K,   0% used [0x00000000f8260000, 0x00000000f8260000, 0x00000000f82a0000)
 tenured generation   total 5504K, used 1150K [0x00000000faaa0000, 0x00000000fb000000, 0x0000000100000000)
   the space 5504K,  20% used [0x00000000faaa0000, 0x00000000fabbf870, 0x00000000fabbfa00, 0x00000000fb000000)
 Metaspace       used 5670K, capacity 5996K, committed 6272K, reserved 1056768K
  class space    used 617K, capacity 783K, committed 896K, reserved 1048576K
}
Event: 10.136 GC heap after
{Heap after GC invocations=3 (full 0):
 def new generation   total 2432K, used 255K [0x00000000f8000000, 0x00000000f82a0000, 0x00000000faaa0000)
  eden space 2176K,   0% used [0x00000000f8000000, 0x00000000f8000000, 0x00000000f8220000)
  from space 256K,  99% used [0x00000000f8260000, 0x00000000f829fff8, 0x00000000f82a0000)
  to   space 256K,   0% used [0x00000000f8220000, 0x00000000f8220000, 0x00000000f8260000)
 tenured generation   total 5504K, used 1543K [0x00000000faaa0000, 0x00000000fb000000, 0x0000000100000000)
   the space 5504K,  28% used [0x00000000faaa0000, 0x00000000fac21d98, 0x00000000fac21e00, 0x00000000fb000000)
 Metaspace       used 5670K, capacity 5996K, committed 6272K, reserved 1056768K
  class space    used 617K, capacity 783K, committed 896K, reserved 1048576K
}
Event: 10.987 GC heap before
{Heap before GC invocations=3 (full 0):
 def new generation   total 2432K, used 2431K [0x00000000f8000000, 0x00000000f82a0000, 0x00000000faaa0000)
  eden space 2176K, 100% used [0x00000000f8000000, 0x00000000f8220000, 0x00000000f8220000)
  from space 256K,  99% used [0x00000000f8260000, 0x00000000f829fff8, 0x00000000f82a0000)
  to   space 256K,   0% used [0x00000000f8220000, 0x00000000f8220000, 0x00000000f8260000)
 tenured generation   total 5504K, used 1543K [0x00000000faaa0000, 0x00000000fb000000, 0x0000000100000000)
   the space 5504K,  28% used [0x00000000faaa0000, 0x00000000fac21d98, 0x00000000fac21e00, 0x00000000fb000000)
 Metaspace       used 6883K, capacity 7289K, committed 7424K, reserved 1056768K
  class space    used 751K, capacity 961K, committed 1024K, reserved 1048576K
}
Event: 10.997 GC heap after
{Heap after GC invocations=4 (full 0):
 def new generation   total 2432K, used 256K [0x00000000f8000000, 0x00000000f82a0000, 0x00000000faaa0000)
  eden space 2176K,   0% used [0x00000000f8000000, 0x00000000f8000000, 0x00000000f8220000)
  from space 256K, 100% used [0x00000000f8220000, 0x00000000f8260000, 0x00000000f8260000)
  to   space 256K,   0% used [0x00000000f8260000, 0x00000000f8260000, 0x00000000f82a0000)
 tenured generation   total 5504K, used 1848K [0x00000000faaa0000, 0x00000000fb000000, 0x0000000100000000)
   the space 5504K,  33% used [0x00000000faaa0000, 0x00000000fac6e238, 0x00000000fac6e400, 0x00000000fb000000)
 Metaspace       used 6883K, capacity 7289K, committed 7424K, reserved 1056768K
  class space    used 751K, capacity 961K, committed 1024K, reserved 1048576K
}
Event: 12.620 GC heap before
{Heap before GC invocations=4 (full 0):
 def new generation   total 2432K, used 2432K [0x00000000f8000000, 0x00000000f82a0000, 0x00000000faaa0000)
  eden space 2176K, 100% used [0x00000000f8000000, 0x00000000f8220000, 0x00000000f8220000)
  from space 256K, 100% used [0x00000000f8220000, 0x00000000f8260000, 0x00000000f8260000)
  to   space 256K,   0% used [0x00000000f8260000, 0x00000000f8260000, 0x00000000f82a0000)
 tenured generation   total 5504K, used 1848K [0x00000000faaa0000, 0x00000000fb000000, 0x0000000100000000)
   the space 5504K,  33% used [0x00000000faaa0000, 0x00000000fac6e238, 0x00000000fac6e400, 0x00000000fb000000)
 Metaspace       used 7696K, capacity 8193K, committed 8320K, reserved 1056768K
  class space    used 850K, capacity 1089K, committed 1152K, reserved 1048576K
}
Event: 12.641 GC heap after
{Heap after GC invocations=5 (full 0):
 def new generation   total 2432K, used 256K [0x00000000f8000000, 0x00000000f82a0000, 0x00000000faaa0000)
  eden space 2176K,   0% used [0x00000000f8000000, 0x00000000f8000000, 0x00000000f8220000)
  from space 256K, 100% used [0x00000000f8260000, 0x00000000f82a0000, 0x00000000f82a0000)
  to   space 256K,   0% used [0x00000000f8220000, 0x00000000f8220000, 0x00000000f8260000)
 tenured generation   total 5504K, used 2552K [0x00000000faaa0000, 0x00000000fb000000, 0x0000000100000000)
   the space 5504K,  46% used [0x00000000faaa0000, 0x00000000fad1e0c8, 0x00000000fad1e200, 0x00000000fb000000)
 Metaspace       used 7696K, capacity 8193K, committed 8320K, reserved 1056768K
  class space    used 850K, capacity 1089K, committed 1152K, reserved 1048576K
}

